[debug] [2025-02-12T18:36:09.836Z] ----------------------------------------------------------------------
[debug] [2025-02-12T18:36:09.840Z] Command:       C:\Program Files\nodejs\node.exe C:\Users\ASUS\AppData\Roaming\npm\node_modules\firebase-tools\lib\bin\firebase.js init
[debug] [2025-02-12T18:36:09.840Z] CLI Version:   13.30.0
[debug] [2025-02-12T18:36:09.840Z] Platform:      win32
[debug] [2025-02-12T18:36:09.840Z] Node Version:  v20.15.0
[debug] [2025-02-12T18:36:09.840Z] Time:          Thu Feb 13 2025 00:06:09 GMT+0530 (India Standard Time)
[debug] [2025-02-12T18:36:09.840Z] ----------------------------------------------------------------------
[debug] 
[debug] [2025-02-12T18:36:09.846Z] > command requires scopes: ["email","openid","https://www.googleapis.com/auth/cloudplatformprojects.readonly","https://www.googleapis.com/auth/firebase","https://www.googleapis.com/auth/cloud-platform"]
[debug] [2025-02-12T18:36:09.847Z] > authorizing via signed-in user (svdhane2004@gmail.com)
[info] 
     ######## #### ########  ######## ########     ###     ######  ########
     ##        ##  ##     ## ##       ##     ##  ##   ##  ##       ##
     ######    ##  ########  ######   ########  #########  ######  ######
     ##        ##  ##    ##  ##       ##     ## ##     ##       ## ##
     ##       #### ##     ## ######## ########  ##     ##  ######  ########

You're about to initialize a Firebase project in this directory:

  D:\web\react-s\hacathon\levelup

[info] 
=== Project Setup
[info] 
[info] First, let's associate this project directory with a Firebase project.
[info] You can create multiple project aliases by running firebase use --add, 
[info] but for now we'll just set up a default project.
[info] 
[debug] [2025-02-12T18:36:52.879Z] Checked if tokens are valid: true, expires at: 1739388853682
[debug] [2025-02-12T18:36:52.879Z] Checked if tokens are valid: true, expires at: 1739388853682
[debug] [2025-02-12T18:36:52.881Z] >>> [apiv2][query] GET https://firebase.googleapis.com/v1beta1/projects pageSize=100
[debug] [2025-02-12T18:36:57.526Z] <<< [apiv2][status] GET https://firebase.googleapis.com/v1beta1/projects 200
[debug] [2025-02-12T18:36:57.526Z] <<< [apiv2][body] GET https://firebase.googleapis.com/v1beta1/projects [omitted]
[info] i  Using project levelup-2feb7 (LevelUp) 
[info] 
=== Hosting Setup
[debug] [2025-02-12T18:37:06.656Z] Checked if tokens are valid: true, expires at: 1739388853682
[debug] [2025-02-12T18:37:06.656Z] Checked if tokens are valid: true, expires at: 1739388853682
[debug] [2025-02-12T18:37:06.657Z] >>> [apiv2][query] GET https://firebase.googleapis.com/v1beta1/projects/levelup-2feb7 [none]
[debug] [2025-02-12T18:37:07.073Z] <<< [apiv2][status] GET https://firebase.googleapis.com/v1beta1/projects/levelup-2feb7 200
[debug] [2025-02-12T18:37:07.074Z] <<< [apiv2][body] GET https://firebase.googleapis.com/v1beta1/projects/levelup-2feb7 {"projectId":"levelup-2feb7","projectNumber":"206728654163","displayName":"LevelUp","name":"projects/levelup-2feb7","resources":{"hostingSite":"levelup-2feb7"},"state":"ACTIVE","etag":"1_28f14c03-00b6-4ebc-bb75-95abb213132a"}
[info] 
[info] Your public directory is the folder (relative to your project directory) that
[info] will contain Hosting assets to be uploaded with firebase deploy. If you
[info] have a build process for your assets, use your build's output directory.
[info] 
[debug] [2025-02-12T18:38:13.956Z] >>> [apiv2][query] GET https://www.gstatic.com/firebasejs/releases.json [none]
[debug] [2025-02-12T18:38:14.061Z] <<< [apiv2][status] GET https://www.gstatic.com/firebasejs/releases.json 200
[debug] [2025-02-12T18:38:14.061Z] <<< [apiv2][body] GET https://www.gstatic.com/firebasejs/releases.json {"current":{"version":"11.3.1","browserURL":"https://www.gstatic.com/firebasejs/11.3.1/firebase.js","packageURL":"https://www.gstatic.com/firebasejs/11.3.1/firebase.tgz"},"live":{"version":"11.3","browserURL":"https://www.gstatic.com/firebasejs/live/11.3/firebase.js","packageURL":"https://www.gstatic.com/firebasejs/live/11.3/firebase.tgz"},"components":{"analytics":"https://www.gstatic.com/firebasejs/11.3.1/firebase-analytics.js","app":"https://www.gstatic.com/firebasejs/11.3.1/firebase-app.js","app-check":"https://www.gstatic.com/firebasejs/11.3.1/firebase-app-check.js","auth":"https://www.gstatic.com/firebasejs/11.3.1/firebase-auth.js","auth/cordova":"https://www.gstatic.com/firebasejs/11.3.1/firebase-auth/cordova.js","auth/web-extension":"https://www.gstatic.com/firebasejs/11.3.1/firebase-auth/web-extension.js","functions":"https://www.gstatic.com/firebasejs/11.3.1/firebase-functions.js","firestore":"https://www.gstatic.com/firebasejs/11.3.1/firebase-firestore.js","firestore/lite":"https://www.gstatic.com/firebasejs/11.3.1/firebase-firestore/lite.js","installations":"https://www.gstatic.com/firebasejs/11.3.1/firebase-installations.js","storage":"https://www.gstatic.com/firebasejs/11.3.1/firebase-storage.js","performance":"https://www.gstatic.com/firebasejs/11.3.1/firebase-performance.js","remote-config":"https://www.gstatic.com/firebasejs/11.3.1/firebase-remote-config.js","messaging":"https://www.gstatic.com/firebasejs/11.3.1/firebase-messaging.js","messaging/sw":"https://www.gstatic.com/firebasejs/11.3.1/firebase-messaging/sw.js","database":"https://www.gstatic.com/firebasejs/11.3.1/firebase-database.js","vertexai":"https://www.gstatic.com/firebasejs/11.3.1/firebase-vertexai.js","data-connect":"https://www.gstatic.com/firebasejs/11.3.1/firebase-data-connect.js","firestore.memory":"https://www.gstatic.com/firebasejs/11.3.1/firebase-firestore.memory.js"}}
[info] i  Skipping write of public/index.html 
[info] 
[info] i  Detected a .git folder at D:\web\react-s\hacathon\levelup 
[info] i  Authorizing with GitHub to upload your service account to a GitHub repository's secrets store. 
[info] 
[info] Visit this URL on this device to log in:
[info] https://github.com/login/oauth/authorize?client_id=89cf50f02ac6aaed3484&state=699588099&redirect_uri=http%3A%2F%2Flocalhost%3A9005&scope=read%3Auser%20repo%20public_repo
[info] 
[info] Waiting for authentication...
[debug] [2025-02-12T18:38:44.533Z] >>> [apiv2][query] POST https://github.com/login/oauth/access_token [none]
[debug] [2025-02-12T18:38:44.533Z] >>> [apiv2][body] POST https://github.com/login/oauth/access_token [stream]
[debug] [2025-02-12T18:38:44.911Z] <<< [apiv2][status] POST https://github.com/login/oauth/access_token 200
[debug] [2025-02-12T18:38:44.911Z] <<< [apiv2][body] POST https://github.com/login/oauth/access_token {"access_token":"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","token_type":"bearer","scope":"read:user,repo"}
[debug] [2025-02-12T18:38:44.914Z] >>> [apiv2][query] GET https://api.github.com/user [none]
[debug] [2025-02-12T18:38:45.283Z] <<< [apiv2][status] GET https://api.github.com/user 200
[debug] [2025-02-12T18:38:45.283Z] <<< [apiv2][body] GET https://api.github.com/user {"login":"Dev-Santo44","id":74419028,"node_id":"MDQ6VXNlcjc0NDE5MDI4","avatar_url":"https://avatars.githubusercontent.com/u/74419028?v=4","gravatar_id":"","url":"https://api.github.com/users/Dev-Santo44","html_url":"https://github.com/Dev-Santo44","followers_url":"https://api.github.com/users/Dev-Santo44/followers","following_url":"https://api.github.com/users/Dev-Santo44/following{/other_user}","gists_url":"https://api.github.com/users/Dev-Santo44/gists{/gist_id}","starred_url":"https://api.github.com/users/Dev-Santo44/starred{/owner}{/repo}","subscriptions_url":"https://api.github.com/users/Dev-Santo44/subscriptions","organizations_url":"https://api.github.com/users/Dev-Santo44/orgs","repos_url":"https://api.github.com/users/Dev-Santo44/repos","events_url":"https://api.github.com/users/Dev-Santo44/events{/privacy}","received_events_url":"https://api.github.com/users/Dev-Santo44/received_events","type":"User","user_view_type":"private","site_admin":false,"name":null,"company":null,"blog":"","location":null,"email":null,"hireable":null,"bio":null,"twitter_username":null,"notification_email":null,"public_repos":7,"public_gists":0,"followers":0,"following":0,"created_at":"2020-11-13T15:12:18Z","updated_at":"2025-02-12T18:38:46Z","private_gists":0,"total_private_repos":1,"owned_private_repos":1,"disk_usage":90291,"collaborators":0,"two_factor_authentication":false,"plan":{"name":"free","space":976562499,"collaborators":0,"private_repos":10000}}
[info] 
[info] +  Success! Logged into GitHub as Dev-Santo44 
[info] 
[debug] [2025-02-12T18:39:54.513Z] >>> [apiv2][query] GET https://api.github.com/repos/Dev-Santo44/LevelUp/actions/secrets/public-key type=owner
[debug] [2025-02-12T18:39:54.784Z] <<< [apiv2][status] GET https://api.github.com/repos/Dev-Santo44/LevelUp/actions/secrets/public-key 404
[debug] [2025-02-12T18:39:54.784Z] <<< [apiv2][body] GET https://api.github.com/repos/Dev-Santo44/LevelUp/actions/secrets/public-key {"message":"Not Found","documentation_url":"https://docs.github.com/rest/actions/secrets#get-a-repository-public-key","status":"404"}
[info] 
[info] 
[error] !  The provided authorization cannot be used with this repository. If this repository is in an organization, did you remember to grant access? 
[info] 
[info] i  Action required: Visit this URL to ensure access has been granted to the appropriate organization(s) for the Firebase CLI GitHub OAuth App: 
[info] https://github.com/settings/connections/applications/89cf50f02ac6aaed3484
[info] 
